Case #1: our language is impossible to understand
Case #2: there are twenty six factorial possibilities
Case #3: so it is okay if you want to just give up
Case #4: xoggk d yl wxo vkkvgo ekso uyl wonw sywy
Case #5: xkf yto akj
Case #6: yabba dabba yabba dabba yabba dabba yabba dabba yabba dabba yabba dabba yabba dabba yabba dooooooooo
Case #7: a b c d e f g h i j k l m n o p q r s t u v y w x y z now i know my abcs
Case #8: next time wont you sing with me
Case #9: buff tryndamere and amumu
Case #10: you know you want to
Case #11: you want sell things at me boing zooom
Case #12: oh nooooo goggalor is headed for the orphanage
Case #13: oh my god lets make out
Case #14: greetings cheese popsicle the number you have dialed is currently out of porkchops
Case #15: i have bested fruit spike and moon now i shall best you the guy
Case #16: whoooooooooooooooooooaaaaaaaaa i know c plus plus
Case #17: friends dont let friends let scientific progress go boink
Case #18: how are you holding up because im a potato
Case #19: for those who speak in a tongue do not speak to other people
Case #20: nobody understands them since they are speaking mysteries in the spirit
Case #21: by the pricking of my thumbs something wicked this way comes
Case #22: in a world of direwolves and lions sometimes the rarest creature is a friend
Case #23: f of two equals f of one equals one
Case #24: for i between three and n f of i equals f of i minus one plus f of i minus two
Case #25: let lips do what hands do
Case #26: oh hai im in ur computer eating your cheezburgers and googleresing your textz
Case #27: why do programmers always mix up halloween and christmas
Case #28: you better cut the pizza in four pieces because im not hungry enough to eat six
Case #29: im commander shepard and this is my favorite problem on the google code jam
Case #30: an eye for an eye and a pigeon for a pigeon
